Traceback (most recent call last):
  File "\main.py", line 146, in parse
    pdf_file = analyse_syllabus(pdf_file, props)
  File "\src\analyser.py", line 557, in analyse_syllabus
    Analyser.order_cell_content(content)
  File "\src\analyser.py", line 113, in order_cell_content
    itemised_list = list_detector.advanced_detection_on_text_blocks(text_blocks)
  File "\src\list_detector.py", line 60, in advanced_detection_on_text_blocks
    self._advanced_itemised_list_detection(block)
  File "\src\list_detector.py", line 263, in _advanced_itemised_list_detection
    self._add_list_item(stack_item)
  File "\src\list_detector.py", line 282, in _add_list_item
    self._pop_and_add_item(stack_item)
  File "\src\list_detector.py", line 328, in _pop_and_add_item
    raise ListDetectionError(f"No missing items were found, however the most recent '{stack_item.list_type.name}' list item has value '{most_recent.list_value}' "
src.list_detector.ListDetectionError: ("No missing items were found, however the most recent 'ROMAN_LOWERCASE' list item has value '3' which is GREATER than new 'ROMAN_LOWERCASE' item with value '1'", 'grain (i.e straight, inter-lock, wavy, diagonal, etc.).', [1. 3.1  Types of Machines  [ListType.NUMERICAL - 1]
, 2. safety precautions relating to the  [ListType.NUMERICAL - 2]
, 3. 3.2  Safety Aids Uses of guards, jigs, fences, push  [ListType.NUMERICAL - 3]
, 4. MATERIALS  [ListType.NUMERICAL - 4]
, i. 4.1  Timber  [ListType.ROMAN_LOWERCASE - 1]
, ii. Differences between hardwoods  [ListType.ROMAN_LOWERCASE - 2]
, iii. Effects of the characteristics of the cross-sectional parts of a tree on timber for woodwork.  [ListType.ROMAN_LOWERCASE - 3]
])
