Traceback (most recent call last):
  File "\main.py", line 137, in parse
    pdf_syllabus = analyse_syllabus(pdf_syllabus, analyse_props)
  File "\src\analyser.py", line 557, in analyse_syllabus
    Analyser.order_cell_content(content)
  File "\src\analyser.py", line 113, in order_cell_content
    itemised_list = list_detector.advanced_detection_on_text_blocks(text_blocks)
  File "\src\list_detector.py", line 60, in advanced_detection_on_text_blocks
    self._advanced_itemised_list_detection(block)
  File "\src\list_detector.py", line 263, in _advanced_itemised_list_detection
    self._add_list_item(stack_item)
  File "\src\list_detector.py", line 282, in _add_list_item
    self._pop_and_add_item(stack_item)
  File "\src\list_detector.py", line 328, in _pop_and_add_item
    raise ListDetectionError(f"No missing items were found, however the most recent '{stack_item.list_type.name}' list item has value '{most_recent.list_value}' "
src.list_detector.ListDetectionError: ("No missing items were found, however the most recent 'ALPHABET_UPPERCASE' list item has value '19' which is GREATER than new 'ALPHABET_UPPERCASE' item with value '8'", '', [7. Motion  [ListType.NUMERICAL - 7]
	i. Contact force  [ListType.ROMAN_LOWERCASE - 1]
	ii. Non-contact  [ListType.ROMAN_LOWERCASE - 2]
, 8. Speed and velocity  [ListType.NUMERICAL - 8]
, 9. Rectilinear acceleration  [ListType.NUMERICAL - 9]
, R. Concept of  [ListType.ALPHABET_UPPERCASE - 18]
, 10. Scalars and vectors  [ListType.NUMERICAL - 10]
, Q. Acceleration/deceleration as increase/decrease in velocity with time.  [ListType.ALPHABET_UPPERCASE - 17]
, L. Concept of scalars as physical  [ListType.ALPHABET_UPPERCASE - 12]
, P. Uniform/non-uniform acceleration  [ListType.ALPHABET_UPPERCASE - 16]
, 11. Equilibrium of forces  [ListType.NUMERICAL - 11]
, O. Velocity-time graph  [ListType.ALPHABET_UPPERCASE - 15]
, K. quantities with magnitude and no direction  [ListType.ALPHABET_UPPERCASE - 11]
, N. Equations of motion with constant acceleration;  [ListType.ALPHABET_UPPERCASE - 14]
, E. Principle of moments  [ListType.ALPHABET_UPPERCASE - 5]
, M. Motion under gravity as a special case.  [ListType.ALPHABET_UPPERCASE - 13]
, J. Concept of vectors as physical  quantities with both magnitude and direction.  [ListType.ALPHABET_UPPERCASE - 10]
, 12. Simple harmonic motion  [ListType.NUMERICAL - 12]
, I. Vector representation  [ListType.ALPHABET_UPPERCASE - 9]
, D. Conditions for equilibrium of rigid bodies under the action of parallel and non-parallel forces.  [ListType.ALPHABET_UPPERCASE - 4]
, H. Addition of vectors  [ListType.ALPHABET_UPPERCASE - 8]
, A. Illustration, explanation and definition of simple harmonic motion (S.H.M)  [ListType.ALPHABET_UPPERCASE - 1]
, G. Resolution of vectors  [ListType.ALPHABET_UPPERCASE - 7]
, C. Centre of gravity and stability  [ListType.ALPHABET_UPPERCASE - 3]
, F. Resultant velocity using vector representation.  [ListType.ALPHABET_UPPERCASE - 6]
, B. Speed and acceleration of  [ListType.ALPHABET_UPPERCASE - 2]
, S.   [ListType.ALPHABET_UPPERCASE - 19]
])
