Traceback (most recent call last):
  File "\main.py", line 137, in parse
    pdf_syllabus = analyse_syllabus(pdf_syllabus, analyse_props)
  File "\src\analyser.py", line 557, in analyse_syllabus
    Analyser.order_cell_content(content)
  File "\src\analyser.py", line 113, in order_cell_content
    itemised_list = list_detector.advanced_detection_on_text_blocks(text_blocks)
  File "\src\list_detector.py", line 60, in advanced_detection_on_text_blocks
    self._advanced_itemised_list_detection(block)
  File "\src\list_detector.py", line 263, in _advanced_itemised_list_detection
    self._add_list_item(stack_item)
  File "\src\list_detector.py", line 282, in _add_list_item
    self._pop_and_add_item(stack_item)
  File "\src\list_detector.py", line 328, in _pop_and_add_item
    raise ListDetectionError(f"No missing items were found, however the most recent '{stack_item.list_type.name}' list item has value '{most_recent.list_value}' "
src.list_detector.ListDetectionError: ("No missing items were found, however the most recent 'ALPHABET_LOWERCASE' list item has value '4' which is GREATER than new 'ALPHABET_LOWERCASE' item with value '2'", 'Office Supervisor (c) General', [a. Accounts their  [ListType.ALPHABET_LOWERCASE - 1]
, b. Purchasing  [ListType.ALPHABET_LOWERCASE - 2]
, c. Sales  [ListType.ALPHABET_LOWERCASE - 3]
, d. Personnel/Human  [ListType.ALPHABET_LOWERCASE - 4]
	1. Resource  [ListType.NUMERICAL - 1]
		e. Production  [ListType.ALPHABET_LOWERCASE - 5]
		f. Legal  [ListType.ALPHABET_LOWERCASE - 6]
		g. Administration  [ListType.ALPHABET_LOWERCASE - 7]
		h. Transport  [ListType.ALPHABET_LOWERCASE - 8]
	5. Office Personnel (a) Office Manager  [ListType.NUMERICAL - 5]
])
