Traceback (most recent call last):
  File "\main.py", line 137, in parse
    pdf_syllabus = analyse_syllabus(pdf_syllabus, analyse_props)
  File "\src\analyser.py", line 557, in analyse_syllabus
    Analyser.order_cell_content(content)
  File "\src\analyser.py", line 113, in order_cell_content
    itemised_list = list_detector.advanced_detection_on_text_blocks(text_blocks)
  File "\src\list_detector.py", line 60, in advanced_detection_on_text_blocks
    self._advanced_itemised_list_detection(block)
  File "\src\list_detector.py", line 263, in _advanced_itemised_list_detection
    self._add_list_item(stack_item)
  File "\src\list_detector.py", line 282, in _add_list_item
    self._pop_and_add_item(stack_item)
  File "\src\list_detector.py", line 328, in _pop_and_add_item
    raise ListDetectionError(f"No missing items were found, however the most recent '{stack_item.list_type.name}' list item has value '{most_recent.list_value}' "
src.list_detector.ListDetectionError: ("No missing items were found, however the most recent 'ALPHABET_LOWERCASE' list item has value '7' which is GREATER than new 'ALPHABET_LOWERCASE' item with value '1'", 'Types of patterns', [1. Career Opportunities  [ListType.NUMERICAL - 1]
	i. Career types  [ListType.ROMAN_LOWERCASE - 1]
, b. in  [ListType.ALPHABET_LOWERCASE - 2]
, 2. Fibre and Fabric  [ListType.NUMERICAL - 2]
, 3. Clothing  [ListType.NUMERICAL - 3]
, 4. Wardrobe Planning -  [ListType.NUMERICAL - 4]
, 5. Good Grooming  [ListType.NUMERICAL - 5]
, 6. Sewing  [ListType.NUMERICAL - 6]
	i. Equipment/  [ListType.ROMAN_LOWERCASE - 1]
	ii. Tools  [ListType.ROMAN_LOWERCASE - 2]
	iii. Sewing // Processes - / Garment [ListType.ROMAN_LOWERCASE - 3]
	iv. Edge  Finishes -    concept -    reasons -    edges requiring  finishing  [ListType.ROMAN_LOWERCASE - 4]
	v. -    types of finishes -    points to consider when choosing edge finishes  [ListType.ROMAN_LOWERCASE - 5]
	vi. Construction (iii)      Arrangements of Fullness -     types -     factors for choosing fullness. -     rules for working.  [ListType.ROMAN_LOWERCASE - 6]
	vii. Pockets -    types -    functions -    attachment // Advanced Techniques [ListType.ROMAN_LOWERCASE - 7]
		a. Essentials of garment construction  [ListType.ALPHABET_LOWERCASE - 1]
, a. Clothing and Textiles  [ListType.ALPHABET_LOWERCASE - 1]
	i. Lining and interfacing -   concept -    importance -   suitable fabrics for lining e.g. satin, fine polyester, muslin, etc. -   suitable fabrics for interfacing  [ListType.ROMAN_LOWERCASE - 1]
, e.   [ListType.ALPHABET_LOWERCASE - 5]
, g. canvas, vilene, petersham etc. -   ways of fixing lining.  [ListType.ALPHABET_LOWERCASE - 7]
	ii. Fashion features -     types e.g. collars, necklines, sleeves, frills, belts, etc. -     uses -    directions for working.  [ListType.ROMAN_LOWERCASE - 2]
	iii. Simple patterns  [ListType.ROMAN_LOWERCASE - 3]
])
