Traceback (most recent call last):
  File "\main.py", line 132, in parse
    pdf_file = analyse_syllabus(pdf_file, props)
  File "\src\analyser.py", line 557, in analyse_syllabus
    Analyser.order_cell_content(content)
  File "\src\analyser.py", line 113, in order_cell_content
    itemised_list = list_detector.advanced_detection_on_text_blocks(text_blocks)
  File "\src\list_detector.py", line 60, in advanced_detection_on_text_blocks
    self._advanced_itemised_list_detection(block)
  File "\src\list_detector.py", line 263, in _advanced_itemised_list_detection
    self._add_list_item(stack_item)
  File "\src\list_detector.py", line 282, in _add_list_item
    self._pop_and_add_item(stack_item)
  File "\src\list_detector.py", line 328, in _pop_and_add_item
    raise ListDetectionError(f"No missing items were found, however the most recent '{stack_item.list_type.name}' list item has value '{most_recent.list_value}' "
src.list_detector.ListDetectionError: ("No missing items were found, however the most recent 'ALPHABET_UPPERCASE' list item has value '4' which is GREATER than new 'ALPHABET_UPPERCASE' item with value '3'", 'FISH BIOLOGY', [A. .  [ListType.ALPHABET_UPPERCASE - 1]
	a. Identification and description of common fishery organisms  [ListType.ALPHABET_LOWERCASE - 1]
	b. Fishery habitats  [ListType.ALPHABET_LOWERCASE - 2]
	c. Identification and  [ListType.ALPHABET_LOWERCASE - 3]
		1. description of the characteristics of invasive alien species in fishery habitats  [ListType.NUMERICAL - 1]
			d. Effects of invasive alien species in fisheries  [ListType.ALPHABET_LOWERCASE - 4]
				2. Fisheries and  [ListType.NUMERICAL - 2]
					e. Prevention and control of invasive alien species in fishery habitats  [ListType.ALPHABET_LOWERCASE - 5]
				3. Grouping of fishery organisms  [ListType.NUMERICAL - 3]
, B. FISHING  [ListType.ALPHABET_UPPERCASE - 2]
	a. Fish landing  [ListType.ALPHABET_LOWERCASE - 1]
	b. sites and facilities // Types of fish / landing sites / Facilities and [ListType.ALPHABET_LOWERCASE - 2]
	c. Sanitation practices at fish landing sites  [ListType.ALPHABET_LOWERCASE - 3]
		1. activities at fish landing sites  [ListType.NUMERICAL - 1]
		2. Fishing gear and craft.  [ListType.NUMERICAL - 2]
, C. Classification and  [ListType.ALPHABET_UPPERCASE - 3]
, D. description of fishing  gear  [ListType.ALPHABET_UPPERCASE - 4]
	b. Construction and maintenance of fishing gear // maintenance of fishing craft [ListType.ALPHABET_LOWERCASE - 2]
	c. Description and  [ListType.ALPHABET_LOWERCASE - 3]
	d. Fishing methods  [ListType.ALPHABET_LOWERCASE - 4]
	e. Harmful fishing practices  [ListType.ALPHABET_LOWERCASE - 5]
])
