Traceback (most recent call last):
  File "\main.py", line 132, in parse
    pdf_file = analyse_syllabus(pdf_file, props)
  File "\src\analyser.py", line 557, in analyse_syllabus
    Analyser.order_cell_content(content)
  File "\src\analyser.py", line 113, in order_cell_content
    itemised_list = list_detector.advanced_detection_on_text_blocks(text_blocks)
  File "\src\list_detector.py", line 60, in advanced_detection_on_text_blocks
    self._advanced_itemised_list_detection(block)
  File "\src\list_detector.py", line 263, in _advanced_itemised_list_detection
    self._add_list_item(stack_item)
  File "\src\list_detector.py", line 282, in _add_list_item
    self._pop_and_add_item(stack_item)
  File "\src\list_detector.py", line 328, in _pop_and_add_item
    raise ListDetectionError(f"No missing items were found, however the most recent '{stack_item.list_type.name}' list item has value '{most_recent.list_value}' "
src.list_detector.ListDetectionError: ("No missing items were found, however the most recent 'ALPHABET_UPPERCASE' list item has value '18' which is GREATER than new 'ALPHABET_UPPERCASE' item with value '2'", 'BUNNETT & P.O. OKUNROTIFA', [A. S/N AUTHOR  [ListType.ALPHABET_UPPERCASE - 1]
	1. .  [ListType.NUMERICAL - 1]
	2. .  [ListType.NUMERICAL - 2]
	3. .  [ListType.NUMERICAL - 3]
	4. .  [ListType.NUMERICAL - 4]
	5. .  [ListType.NUMERICAL - 5]
	6. .  [ListType.NUMERICAL - 6]
	7. .  [ListType.NUMERICAL - 7]
	8. .  [ListType.NUMERICAL - 8]
	9. .  [ListType.NUMERICAL - 9]
	10.   [ListType.NUMERICAL - 10]
, R.   [ListType.ALPHABET_UPPERCASE - 18]
])
