Traceback (most recent call last):
  File "\main.py", line 132, in parse
    pdf_file = analyse_syllabus(pdf_file, props)
  File "\src\analyser.py", line 557, in analyse_syllabus
    Analyser.order_cell_content(content)
  File "\src\analyser.py", line 113, in order_cell_content
    itemised_list = list_detector.advanced_detection_on_text_blocks(text_blocks)
  File "\src\list_detector.py", line 60, in advanced_detection_on_text_blocks
    self._advanced_itemised_list_detection(block)
  File "\src\list_detector.py", line 263, in _advanced_itemised_list_detection
    self._add_list_item(stack_item)
  File "\src\list_detector.py", line 282, in _add_list_item
    self._pop_and_add_item(stack_item)
  File "\src\list_detector.py", line 328, in _pop_and_add_item
    raise ListDetectionError(f"No missing items were found, however the most recent '{stack_item.list_type.name}' list item has value '{most_recent.list_value}' "
src.list_detector.ListDetectionError: ("No missing items were found, however the most recent 'ALPHABET_UPPERCASE' list item has value '19' which is GREATER than new 'ALPHABET_UPPERCASE' item with value '11'", 'Amoakohene.', [1. Workshop Technology (parts 1 and 2)  [ListType.NUMERICAL - 1]
, 2. Metalwork Technology -  [ListType.NUMERICAL - 2]
, 3. Metal Technology -  [ListType.NUMERICAL - 3]
, 4. Introductory Technology  [ListType.NUMERICAL - 4]
, 5. Welding Technology - Gourd  [ListType.NUMERICAL - 5]
, 6. Mechanical Engineering practice - A. Green and W.H. Howe  [ListType.NUMERICAL - 6]
, 7. Crafts Theory and Related Studies - R.T. Pritchard Vol. 1 & 2  [ListType.NUMERICAL - 7]
, 8. Mechanical Engineering - R.I. Timings  [ListType.NUMERICAL - 8]
, 9. Metalwork Theory, Books 1, 2, 3, & 4 (Metric Edition) - P.F. Lye – Harrap, Lon  [ListType.NUMERICAL - 9]
, 10. Design Technology in Metal and Plastics (Metric Edition) - G.H. Thomas-John Murray  [ListType.NUMERICAL - 10]
, 11. Jab Metalwork Projects for African Schools and Colleges - R. Edward – Cassel Lon  [ListType.NUMERICAL - 11]
, 12. Basic Engineering Processes - S. Crawford  [ListType.NUMERICAL - 12]
, 13. Metalwork - R. Sandham & F.R. Willmers  [ListType.NUMERICAL - 13]
, 14. Workshop Processes and Materials - J. V. Courtney  [ListType.NUMERICAL - 14]
, 15. Metalwork Projects and Theory (S.I. Units)              - K. Parkinson  [ListType.NUMERICAL - 15]
, 16. The Theory and Practice of Metalwork (3 rd  [ListType.NUMERICAL - 16]
, A. Edition) - G. Love  [ListType.ALPHABET_UPPERCASE - 1]
	17. Metalwork for Schools and Colleges - J. N. Green  [ListType.NUMERICAL - 17]
	18. Metal Cutting Machine tools - Adejuyigbe, S. B.  [ListType.NUMERICAL - 18]
	19. Metalwork Technology - J.K.N. Sackey  [ListType.NUMERICAL - 19]
, S.   [ListType.ALPHABET_UPPERCASE - 19]
])
