Traceback (most recent call last):
  File "\main.py", line 132, in parse
    pdf_file = analyse_syllabus(pdf_file, props)
  File "\src\analyser.py", line 557, in analyse_syllabus
    Analyser.order_cell_content(content)
  File "\src\analyser.py", line 113, in order_cell_content
    itemised_list = list_detector.advanced_detection_on_text_blocks(text_blocks)
  File "\src\list_detector.py", line 60, in advanced_detection_on_text_blocks
    self._advanced_itemised_list_detection(block)
  File "\src\list_detector.py", line 263, in _advanced_itemised_list_detection
    self._add_list_item(stack_item)
  File "\src\list_detector.py", line 282, in _add_list_item
    self._pop_and_add_item(stack_item)
  File "\src\list_detector.py", line 328, in _pop_and_add_item
    raise ListDetectionError(f"No missing items were found, however the most recent '{stack_item.list_type.name}' list item has value '{most_recent.list_value}' "
src.list_detector.ListDetectionError: ("No missing items were found, however the most recent 'ALPHABET_UPPERCASE' list item has value '19' which is GREATER than new 'ALPHABET_UPPERCASE' item with value '11'", 'Amenuke (painting).', [1. Picture making as a vocation and its importance  [ListType.NUMERICAL - 1]
, i. Developing awareness in the world of colour, career  [ListType.ROMAN_LOWERCASE - 1]
, A. making e.g. Muralist, illustrators, painters and scapiest, portraitist, glass stainers, mosaicist and decorators.  [ListType.ALPHABET_UPPERCASE - 1]
	ii. Studying the works of contemporary Ghanaian artists, e.g. the drawings, paintings and murals of great artists like Kofi Antobam (drawing and painting), Prof. Asihene, and Dr.  [ListType.ROMAN_LOWERCASE - 2]
, S.   [ListType.ALPHABET_UPPERCASE - 19]
])
